# JRE version: OpenJDK Runtime Environment (8.0_275-b01) (build 1.8.0_275-b01)
# Java VM: OpenJDK 64-Bit Server VM (25.275-b01 mixed mode windows-amd64 compressed oops)
Heap:
 PSYoungGen      total 113152K, used 25851K [0x00000000f5580000, 0x00000000fd280000, 0x0000000100000000)
  eden space 102912K, 19% used [0x00000000f5580000,0x00000000f68f6260,0x00000000fba00000)
  from space 10240K, 57% used [0x00000000fc880000,0x00000000fce48ae8,0x00000000fd280000)
  to   space 12288K, 0% used [0x00000000fba80000,0x00000000fba80000,0x00000000fc680000)
 ParOldGen       total 175104K, used 16382K [0x00000000e0000000, 0x00000000eab00000, 0x00000000f5580000)
  object space 175104K, 9% used [0x00000000e0000000,0x00000000e0fff980,0x00000000eab00000)
 Metaspace       used 38727K, capacity 40446K, committed 40704K, reserved 1083392K
  class space    used 5448K, capacity 5874K, committed 5888K, reserved 1048576K
GC Heap History (10 events):
Event: 12.720 GC heap before
{Heap before GC invocations=6 (full 1):
 PSYoungGen      total 76288K, used 65536K [0x00000000f5580000, 0x00000000faa80000, 0x0000000100000000)
  eden space 65536K, 100% used [0x00000000f5580000,0x00000000f9580000,0x00000000f9580000)
  from space 10752K, 0% used [0x00000000fa000000,0x00000000fa000000,0x00000000faa80000)
  to   space 10752K, 0% used [0x00000000f9580000,0x00000000f9580000,0x00000000fa000000)
 ParOldGen       total 175104K, used 8138K [0x00000000e0000000, 0x00000000eab00000, 0x00000000f5580000)
  object space 175104K, 4% used [0x00000000e0000000,0x00000000e07f2860,0x00000000eab00000)
 Metaspace       used 28471K, capacity 29338K, committed 29440K, reserved 1075200K
  class space    used 4098K, capacity 4309K, committed 4352K, reserved 1048576K
Event: 12.731 GC heap after
Heap after GC invocations=6 (full 1):
 PSYoungGen      total 76288K, used 8252K [0x00000000f5580000, 0x00000000fd400000, 0x0000000100000000)
  eden space 65536K, 0% used [0x00000000f5580000,0x00000000f5580000,0x00000000f9580000)
  from space 10752K, 76% used [0x00000000f9580000,0x00000000f9d8f250,0x00000000fa000000)
  to   space 11776K, 0% used [0x00000000fc880000,0x00000000fc880000,0x00000000fd400000)
 ParOldGen       total 175104K, used 8146K [0x00000000e0000000, 0x00000000eab00000, 0x00000000f5580000)
  object space 175104K, 4% used [0x00000000e0000000,0x00000000e07f4860,0x00000000eab00000)
 Metaspace       used 28471K, capacity 29338K, committed 29440K, reserved 1075200K
  class space    used 4098K, capacity 4309K, committed 4352K, reserved 1048576K
}
Event: 19.874 GC heap before
{Heap before GC invocations=7 (full 1):
 PSYoungGen      total 76288K, used 73788K [0x00000000f5580000, 0x00000000fd400000, 0x0000000100000000)
  eden space 65536K, 100% used [0x00000000f5580000,0x00000000f9580000,0x00000000f9580000)
  from space 10752K, 76% used [0x00000000f9580000,0x00000000f9d8f250,0x00000000fa000000)
  to   space 11776K, 0% used [0x00000000fc880000,0x00000000fc880000,0x00000000fd400000)
 ParOldGen       total 175104K, used 8146K [0x00000000e0000000, 0x00000000eab00000, 0x00000000f5580000)
  object space 175104K, 4% used [0x00000000e0000000,0x00000000e07f4860,0x00000000eab00000)
 Metaspace       used 32749K, capacity 33740K, committed 33920K, reserved 1079296K
  class space    used 4647K, capacity 4923K, committed 4992K, reserved 1048576K
Event: 19.893 GC heap after
Heap after GC invocations=7 (full 1):
 PSYoungGen      total 113152K, used 10160K [0x00000000f5580000, 0x00000000fd280000, 0x0000000100000000)
  eden space 102912K, 0% used [0x00000000f5580000,0x00000000f5580000,0x00000000fba00000)
  from space 10240K, 99% used [0x00000000fc880000,0x00000000fd26c218,0x00000000fd280000)
  to   space 12288K, 0% used [0x00000000fba80000,0x00000000fba80000,0x00000000fc680000)
 ParOldGen       total 175104K, used 8154K [0x00000000e0000000, 0x00000000eab00000, 0x00000000f5580000)
  object space 175104K, 4% used [0x00000000e0000000,0x00000000e07f6860,0x00000000eab00000)
 Metaspace       used 32749K, capacity 33740K, committed 33920K, reserved 1079296K
  class space    used 4647K, capacity 4923K, committed 4992K, reserved 1048576K
}
Event: 20.782 GC heap before
{Heap before GC invocations=8 (full 1):
 PSYoungGen      total 113152K, used 44077K [0x00000000f5580000, 0x00000000fd280000, 0x0000000100000000)
  eden space 102912K, 32% used [0x00000000f5580000,0x00000000f769f300,0x00000000fba00000)
  from space 10240K, 99% used [0x00000000fc880000,0x00000000fd26c218,0x00000000fd280000)
  to   space 12288K, 0% used [0x00000000fba80000,0x00000000fba80000,0x00000000fc680000)
 ParOldGen       total 175104K, used 8154K [0x00000000e0000000, 0x00000000eab00000, 0x00000000f5580000)
  object space 175104K, 4% used [0x00000000e0000000,0x00000000e07f6860,0x00000000eab00000)
 Metaspace       used 34277K, capacity 35460K, committed 35496K, reserved 1079296K
  class space    used 4799K, capacity 5106K, committed 5120K, reserved 1048576K
Event: 20.822 GC heap after
Heap after GC invocations=8 (full 1):
 PSYoungGen      total 115200K, used 9676K [0x00000000f5580000, 0x00000000fd280000, 0x0000000100000000)
  eden space 102912K, 0% used [0x00000000f5580000,0x00000000f5580000,0x00000000fba00000)
  from space 12288K, 78% used [0x00000000fba80000,0x00000000fc3f33c8,0x00000000fc680000)
  to   space 10240K, 0% used [0x00000000fc880000,0x00000000fc880000,0x00000000fd280000)
 ParOldGen       total 175104K, used 8162K [0x00000000e0000000, 0x00000000eab00000, 0x00000000f5580000)
  object space 175104K, 4% used [0x00000000e0000000,0x00000000e07f8860,0x00000000eab00000)
 Metaspace       used 34277K, capacity 35460K, committed 35496K, reserved 1079296K
  class space    used 4799K, capacity 5106K, committed 5120K, reserved 1048576K
}
Event: 20.822 GC heap before
{Heap before GC invocations=9 (full 2):
 PSYoungGen      total 115200K, used 9676K [0x00000000f5580000, 0x00000000fd280000, 0x0000000100000000)
  eden space 102912K, 0% used [0x00000000f5580000,0x00000000f5580000,0x00000000fba00000)
  from space 12288K, 78% used [0x00000000fba80000,0x00000000fc3f33c8,0x00000000fc680000)
  to   space 10240K, 0% used [0x00000000fc880000,0x00000000fc880000,0x00000000fd280000)
 ParOldGen       total 175104K, used 8162K [0x00000000e0000000, 0x00000000eab00000, 0x00000000f5580000)
  object space 175104K, 4% used [0x00000000e0000000,0x00000000e07f8860,0x00000000eab00000)
 Metaspace       used 34277K, capacity 35460K, committed 35496K, reserved 1079296K
  class space    used 4799K, capacity 5106K, committed 5120K, reserved 1048576K
Event: 20.992 GC heap after
Heap after GC invocations=9 (full 2):
 PSYoungGen      total 115200K, used 0K [0x00000000f5580000, 0x00000000fd280000, 0x0000000100000000)
  eden space 102912K, 0% used [0x00000000f5580000,0x00000000f5580000,0x00000000fba00000)
  from space 12288K, 0% used [0x00000000fba80000,0x00000000fba80000,0x00000000fc680000)
  to   space 10240K, 0% used [0x00000000fc880000,0x00000000fc880000,0x00000000fd280000)
 ParOldGen       total 175104K, used 16374K [0x00000000e0000000, 0x00000000eab00000, 0x00000000f5580000)
  object space 175104K, 9% used [0x00000000e0000000,0x00000000e0ffd980,0x00000000eab00000)
 Metaspace       used 34277K, capacity 35460K, committed 35496K, reserved 1079296K
  class space    used 4799K, capacity 5106K, committed 5120K, reserved 1048576K
}
Event: 23.197 GC heap before
{Heap before GC invocations=10 (full 2):
 PSYoungGen      total 115200K, used 102912K [0x00000000f5580000, 0x00000000fd280000, 0x0000000100000000)
  eden space 102912K, 100% used [0x00000000f5580000,0x00000000fba00000,0x00000000fba00000)
  from space 12288K, 0% used [0x00000000fba80000,0x00000000fba80000,0x00000000fc680000)
  to   space 10240K, 0% used [0x00000000fc880000,0x00000000fc880000,0x00000000fd280000)
 ParOldGen       total 175104K, used 16374K [0x00000000e0000000, 0x00000000eab00000, 0x00000000f5580000)
  object space 175104K, 9% used [0x00000000e0000000,0x00000000e0ffd980,0x00000000eab00000)
 Metaspace       used 37806K, capacity 39434K, committed 39552K, reserved 1083392K
  class space    used 5311K, capacity 5690K, committed 5760K, reserved 1048576K
Event: 23.212 GC heap after
Heap after GC invocations=10 (full 2):
 PSYoungGen      total 113152K, used 5922K [0x00000000f5580000, 0x00000000fd280000, 0x0000000100000000)
  eden space 102912K, 0% used [0x00000000f5580000,0x00000000f5580000,0x00000000fba00000)
  from space 10240K, 57% used [0x00000000fc880000,0x00000000fce48ae8,0x00000000fd280000)
  to   space 12288K, 0% used [0x00000000fba80000,0x00000000fba80000,0x00000000fc680000)
 ParOldGen       total 175104K, used 16382K [0x00000000e0000000, 0x00000000eab00000, 0x00000000f5580000)
  object space 175104K, 9% used [0x00000000e0000000,0x00000000e0fff980,0x00000000eab00000)
 Metaspace       used 37806K, capacity 39434K, committed 39552K, reserved 1083392K
  class space    used 5311K, capacity 5690K, committed 5760K, reserved 1048576K
}

